	Exporter version: 4.6.1, Blender version: 2.79 (sub 0)
========= Conversion from Blender to Babylon.js =========
	Scene settings used:
		selected layers only:  false
		flat shading entire scene:  false
		inline textures:  false
		texture directory:  /Users/phuong/Documents/workspace/lordofdunans/assets/models/entities/
	Python World class constructor completed
	processing begun of mesh:  petty_tower
		processing begun of Standard material:  Material.001
		processing begun of Standard material:  Material
		processing begun of multimaterial:  petty_tower.Multimaterial#0
		num positions      :  108
		num normals        :  108
		num uvs            :  0
		num uvs2           :  0
		num colors         :  0
		num indices        :  600
	processing begun of camera (FreeCamera):  Camera
	processing begun of light (POINT):  Lamp
========= Writing of scene file started =========
========= Writing of scene file completed =========
========= end of processing =========
elapsed time:  0 min, 0.0088 secs
